----------------utils.php---------------------------
Plantilla seleccionada:: preimpreso_subsidio_final.pdf
archivo:: ./out/20131203165227179.pdf
id:: 20131203165227179
 /lpd/out/20131203165227179.pdf background /opt/lampp/htdocs/printer_web/preprinted/preimpreso_subsidio_final.pdf output /opt/lampp/htdocs/printer_web/temp/20131203165227179.pdf
Sistema Operativo:Linux
Salida: Comienza comando
Finaliza comando

Finished command
----------------utils.php---------------------------
Plantilla seleccionada:: preimpreso_subsidio_final.pdf
archivo:: ./out/20131203165227423.pdf
id:: 20131203165227423
 /lpd/out/20131203165227423.pdf background /opt/lampp/htdocs/printer_web/preprinted/preimpreso_subsidio_final.pdf output /opt/lampp/htdocs/printer_web/temp/20131203165227423.pdf
Sistema Operativo:Linux
Salida: Comienza comando
Finaliza comando

Finished command
----------------utils.php---------------------------
Plantilla seleccionada:: preimpreso_subsidio_final.pdf
archivo:: ./out/20131203165227179.pdf
id:: 20131203165227179
 /lpd/out/20131203165227179.pdf background /opt/lampp/htdocs/printer_web/preprinted/preimpreso_subsidio_final.pdf output /opt/lampp/htdocs/printer_web/temp/20131203165227179.pdf
Sistema Operativo:Linux
Salida: Comienza comando
Finaliza comando

Finished command
----------------utils.php---------------------------
Plantilla seleccionada:: preimpreso_subsidio_final.pdf
archivo:: ./out/20131203165227179.pdf
id:: 20131203165227179
 /lpd/out/20131203165227179.pdf background /opt/lampp/htdocs/printer_web/preprinted/preimpreso_subsidio_final.pdf output /opt/lampp/htdocs/printer_web/temp/20131203165227179.pdf
Sistema Operativo:Linux
Salida: Comienza comando
Finaliza comando

Finished command
----------------utils.php---------------------------
Plantilla seleccionada:: preimpreso_subsidio_final.pdf
archivo:: ./out/20131203165227179.pdf
id:: 20131203165227179
 /lpd/out/20131203165227179.pdf background /opt/lampp/htdocs/printer_web/preprinted/preimpreso_subsidio_final.pdf output /opt/lampp/htdocs/printer_web/temp/20131203165227179.pdf
Sistema Operativo:Linux
Salida: Comienza comando
Finaliza comando

Finished command
----------------utils.php---------------------------
Plantilla seleccionada:: preimpreso_subsidio_final.pdf
archivo:: ./out/20131203165227179.pdf
id:: 20131203165227179
 /lpd/out/20131203165227179.pdf background /opt/lampp/htdocs/printer_web/preprinted/preimpreso_subsidio_final.pdf output /opt/lampp/htdocs/printer_web/temp/20131203165227179.pdf
Sistema Operativo:Linux
Salida: Comienza comando
Finaliza comando

Finished command
----------------utils.php---------------------------
Plantilla seleccionada:: preimpreso_subsidio_final.pdf
archivo:: ./out/20131203165227179.pdf
id:: 20131203165227179
 /lpd/out/20131203165227179.pdf background /opt/lampp/htdocs/printer_web/preprinted/preimpreso_subsidio_final.pdf output /opt/lampp/htdocs/printer_web/temp/20131203165227179.pdf
Sistema Operativo:Linux
Salida: Comienza comando
Finaliza comando

Finished command
----------------utils.php---------------------------
Plantilla seleccionada:: preimpreso_subsidio_final.pdf
archivo:: ./out/20131203165227179.pdf
id:: 20131203165227179
 /lpd/out/20131203165227179.pdf background /opt/lampp/htdocs/printer_web/preprinted/preimpreso_subsidio_final.pdf output /opt/lampp/htdocs/printer_web/temp/20131203165227179.pdf
Sistema Operativo:Linux
Salida: 
Finished command
----------------utils.php---------------------------
Plantilla seleccionada:: preimpreso_subsidio_final.pdf
archivo:: ./out/20131203165227179.pdf
id:: 20131203165227179
 /lpd/out/20131203165227179.pdf background /opt/lampp/htdocs/printer_web/preprinted/preimpreso_subsidio_final.pdf output /opt/lampp/htdocs/printer_web/temp/20131203165227179.pdf
Sistema Operativo:Linux
Salida: 
Finished command
----------------utils.php---------------------------
Plantilla seleccionada:: preimpreso_subsidio_final.pdf
archivo:: ./out/20131203165227179.pdf
id:: 20131203165227179
 /lpd/out/20131203165227179.pdf background /opt/lampp/htdocs/printer_web/preprinted/preimpreso_subsidio_final.pdf output /opt/lampp/htdocs/printer_web/temp/20131203165227179.pdf
Sistema Operativo:Linux
Salida: 
Salida: 1
Finished command
----------------utils.php---------------------------
Plantilla seleccionada:: preimpreso_subsidio_final.pdf
archivo:: ./out/20131203165227179.pdf
id:: 20131203165227179
 /lpd/out/20131203165227179.pdf background /opt/lampp/htdocs/printer_web/preprinted/preimpreso_subsidio_final.pdf output /opt/lampp/htdocs/printer_web/temp/20131203165227179.pdf
Sistema Operativo:Linux
Salida: 1
Finished command
----------------utils.php---------------------------
Plantilla seleccionada:: preimpreso_subsidio_final.pdf
archivo:: ./out/20131203165227179.pdf
id:: 20131203165227179
 /lpd/out/20131203165227179.pdf background /opt/lampp/htdocs/printer_web/preprinted/preimpreso_subsidio_final.pdf output /opt/lampp/htdocs/printer_web/temp/20131203165227179.pdf
Sistema Operativo:Linux
Salida: Comienza comando
Finaliza comando

Finished command
----------------utils.php---------------------------
Plantilla seleccionada:: preimpreso_subsidio_final.pdf
archivo:: ./out/20131203165227423.pdf
id:: 20131203165227423
 /lpd/out/20131203165227423.pdf background /opt/lampp/htdocs/printer_web/preprinted/preimpreso_subsidio_final.pdf output /opt/lampp/htdocs/printer_web/temp/20131203165227423.pdf
Sistema Operativo:Linux
Salida: Comienza comando
Finaliza comando

Finished command
----------------utils.php---------------------------
Plantilla seleccionada:: preimpreso_subsidio_final.pdf
archivo:: ./out/20131203165227423.pdf
id:: 20131203165227423
 /lpd/out/20131203165227423.pdf background /opt/lampp/htdocs/printer_web/preprinted/preimpreso_subsidio_final.pdf output /opt/lampp/htdocs/printer_web/temp/20131203165227423.pdf
Sistema Operativo:Linux
Salida: Comienza comando
Finaliza comando

Finished command
----------------utils.php---------------------------
Plantilla seleccionada:: preimpreso_subsidio_final.pdf
archivo:: ./out/20131203165227179.pdf
id:: 20131203165227179
 /lpd/out/20131203165227179.pdf background /opt/lampp/htdocs/printer_web/preprinted/preimpreso_subsidio_final.pdf output /opt/lampp/htdocs/printer_web/temp/20131203165227179.pdf
Sistema Operativo:Linux
Salida: Comienza comando
Finaliza comando

Finished command
----------------utils.php---------------------------
Plantilla seleccionada:: preimpreso_subsidio_final.pdf
archivo:: ./out/20131203165227423.pdf
id:: 20131203165227423
 /lpd/out/20131203165227423.pdf background /opt/lampp/htdocs/printer_web/preprinted/preimpreso_subsidio_final.pdf output /opt/lampp/htdocs/printer_web/temp/20131203165227423.pdf
Sistema Operativo:Linux
Salida: Comienza comando
Finaliza comando

Finished command
----------------utils.php---------------------------
Plantilla seleccionada:: preimpreso_subsidio_final.pdf
archivo:: ./out/20131203165227423.pdf
id:: 20131203165227423
 /lpd/out/20131203165227423.pdf background /opt/lampp/htdocs/printer_web/preprinted/preimpreso_subsidio_final.pdf output /opt/lampp/htdocs/printer_web/temp/20131203165227423.pdf
Sistema Operativo:Linux
Salida: Comienza comando
Finaliza comando

Finished command
----------------utils.php---------------------------
Plantilla seleccionada:: preimpreso_subsidio_final.pdf
archivo:: ./out/20131203165224202.pdf
id:: 20131203165224202
 /lpd/out/20131203165224202.pdf background /opt/lampp/htdocs/printer_web/preprinted/preimpreso_subsidio_final.pdf output /opt/lampp/htdocs/printer_web/temp/20131203165224202.pdf
Sistema Operativo:Linux
Salida: Comienza comando
Finaliza comando

Finished command
---------------eliminar.php(download)-----------------------
POST:: a:4:{s:6:"select";s:29:"preimpreso_subsidio_final.pdf";s:8:"download";s:8:"download";s:15:"trabajos_length";s:2:"15";s:2:"ID";a:2:{i:20131203165227179;s:17:"20131203165227179";i:20131203165227423;s:17:"20131203165227423";}}
Plantilla seleccionada:: preimpreso_subsidio_final.pdf
Carpeta temporal:: ./temp/1386171318.zip/
Procesando archivo:: ./out/20131203165227179.pdf
pdftk ./out/20131203165227179.pdf background /opt/lampp/htdocs/printer_web/preprinted/preimpreso_subsidio_final.pdf output ./temp/1386171318.zip/20131203165227179.pdf
Sistema Operativo:Linux
Finished command
pdftk ./out/20131203165227179.pdf background /opt/lampp/htdocs/printer_web/preprinted/preimpreso_subsidio_final.pdf output ./temp/1386171318.zip/20131203165227179.pdf
Archivo a agregar al ZIP: ./temp/1386171318.zip/20131203165227179.pdf
Procesando archivo:: ./out/20131203165227423.pdf
pdftk ./out/20131203165227423.pdf background /opt/lampp/htdocs/printer_web/preprinted/preimpreso_subsidio_final.pdf output ./temp/1386171318.zip/20131203165227423.pdf
Sistema Operativo:Linux
Finished command
pdftk ./out/20131203165227423.pdf background /opt/lampp/htdocs/printer_web/preprinted/preimpreso_subsidio_final.pdf output ./temp/1386171318.zip/20131203165227423.pdf
Archivo a agregar al ZIP: ./temp/1386171318.zip/20131203165227423.pdf
::Cerrar archivo Zip::
Eliminando archivo: 20131203165227423.pdf
Eliminando archivo: 20131203165227179.pdf
----------------utils.php---------------------------
Plantilla seleccionada:: preimpreso_subsidio_final.pdf
archivo:: ./out/20131203165227423.pdf
id:: 20131203165227423
 /lpd/out/20131203165227423.pdf background /opt/lampp/htdocs/printer_web/preprinted/preimpreso_subsidio_final.pdf output /opt/lampp/htdocs/printer_web/temp/20131203165227423.pdf
Sistema Operativo:Linux
Salida: Comienza comando
Finaliza comando

Finished command
----------------utils.php---------------------------
Plantilla seleccionada:: preimpreso_subsidio_final.pdf
archivo:: ./out/20131203165224656.pdf
id:: 20131203165224656
 /lpd/out/20131203165224656.pdf background /opt/lampp/htdocs/printer_web/preprinted/preimpreso_subsidio_final.pdf output /opt/lampp/htdocs/printer_web/temp/20131203165224656.pdf
Sistema Operativo:Linux
Salida: Comienza comando
Finaliza comando

Finished command
----------------utils.php---------------------------
Plantilla seleccionada:: preimpreso_subsidio_final.pdf
archivo:: ./out/20131203165227423.pdf
id:: 20131203165227423
 /lpd/out/20131203165227423.pdf background /opt/lampp/htdocs/printer_web/preprinted/preimpreso_subsidio_final.pdf output /opt/lampp/htdocs/printer_web/temp/20131203165227423.pdf
Sistema Operativo:Linux
Salida: Comienza comando
Finaliza comando

Finished command
---------------eliminar.php(download)-----------------------
POST:: a:4:{s:6:"select";s:1:"0";s:8:"download";s:8:"download";s:15:"trabajos_length";s:2:"15";s:2:"ID";a:2:{i:20131203165227423;s:17:"20131203165227423";i:20131203165227672;s:17:"20131203165227672";}}
Plantilla seleccionada:: 0
Procesando archivo:: ./out/20131203165227423.pdf
Archivo a agregar al ZIP: ./out/20131203165227423.pdf
Procesando archivo:: ./out/20131203165227672.pdf
Archivo a agregar al ZIP: ./out/20131203165227672.pdf
::Cerrar archivo Zip::
---------------eliminar.php(download)-----------------------
POST:: a:4:{s:6:"select";s:1:"0";s:8:"download";s:8:"download";s:15:"trabajos_length";s:2:"15";s:2:"ID";a:2:{i:20131203165227423;s:17:"20131203165227423";i:20131203165227672;s:17:"20131203165227672";}}
Plantilla seleccionada:: 0
Procesando archivo:: ./out/20131203165227423.pdf
Archivo a agregar al ZIP: ./out/20131203165227423.pdf
Procesando archivo:: ./out/20131203165227672.pdf
Archivo a agregar al ZIP: ./out/20131203165227672.pdf
::Cerrar archivo Zip::
----------------utils.php---------------------------
Plantilla seleccionada:: preimpreso_subsidio_final.pdf
archivo:: ./out/20131203165227423.pdf
id:: 20131203165227423
 /lpd/out/20131203165227423.pdf background /opt/lampp/htdocs/printer_web/preprinted/preimpreso_subsidio_final.pdf output /opt/lampp/htdocs/printer_web/temp/20131203165227423.pdf
Sistema Operativo:Linux
Salida: Comienza comando
Finaliza comando

Finished command
---------------eliminar.php(download)-----------------------
POST:: a:4:{s:6:"select";s:29:"preimpreso_subsidio_final.pdf";s:8:"download";s:8:"download";s:15:"trabajos_length";s:2:"15";s:2:"ID";a:3:{i:20131203165227423;s:17:"20131203165227423";i:20131203165227672;s:17:"20131203165227672";i:20131203165226731;s:17:"20131203165226731";}}
Plantilla seleccionada:: preimpreso_subsidio_final.pdf
Carpeta temporal:: ./temp/1386256299.zip/
Procesando archivo:: ./out/20131203165227423.pdf
pdftk ./out/20131203165227423.pdf background /opt/lampp/htdocs/printer_web/preprinted/preimpreso_subsidio_final.pdf output ./temp/1386256299.zip/20131203165227423.pdf
Sistema Operativo:Linux
Finished command
pdftk ./out/20131203165227423.pdf background /opt/lampp/htdocs/printer_web/preprinted/preimpreso_subsidio_final.pdf output ./temp/1386256299.zip/20131203165227423.pdf
Archivo a agregar al ZIP: ./temp/1386256299.zip/20131203165227423.pdf
Procesando archivo:: ./out/20131203165227672.pdf
pdftk ./out/20131203165227672.pdf background /opt/lampp/htdocs/printer_web/preprinted/preimpreso_subsidio_final.pdf output ./temp/1386256299.zip/20131203165227672.pdf
Sistema Operativo:Linux
Finished command
pdftk ./out/20131203165227672.pdf background /opt/lampp/htdocs/printer_web/preprinted/preimpreso_subsidio_final.pdf output ./temp/1386256299.zip/20131203165227672.pdf
Archivo a agregar al ZIP: ./temp/1386256299.zip/20131203165227672.pdf
Procesando archivo:: ./out/20131203165226731.pdf
pdftk ./out/20131203165226731.pdf background /opt/lampp/htdocs/printer_web/preprinted/preimpreso_subsidio_final.pdf output ./temp/1386256299.zip/20131203165226731.pdf
Sistema Operativo:Linux
Finished command
pdftk ./out/20131203165226731.pdf background /opt/lampp/htdocs/printer_web/preprinted/preimpreso_subsidio_final.pdf output ./temp/1386256299.zip/20131203165226731.pdf
Archivo a agregar al ZIP: ./temp/1386256299.zip/20131203165226731.pdf
::Cerrar archivo Zip::
Eliminando archivo: 20131203165227672.pdf
Eliminando archivo: 20131203165227423.pdf
Eliminando archivo: 20131203165226731.pdf
----------------utils.php---------------------------
Plantilla seleccionada:: preimpreso_subsidio_final.pdf
archivo:: ./out/20131205155805125.pdf
id:: 20131205155805125
 /lpd/out/20131205155805125.pdf background /opt/lampp/htdocs/printer_web/preprinted/preimpreso_subsidio_final.pdf output /opt/lampp/htdocs/printer_web/temp/20131205155805125.pdf
Sistema Operativo:Linux
Salida: Comienza comando
Finaliza comando

Finished command
----------------utils.php---------------------------
Plantilla seleccionada:: preimpreso_subsidio_final.pdf
archivo:: ./out/20131203165140323.pdf
id:: 20131203165140323
 /lpd/out/20131203165140323.pdf background /opt/lampp/htdocs/printer_web/preprinted/preimpreso_subsidio_final.pdf output /opt/lampp/htdocs/printer_web/temp/20131203165140323.pdf
Sistema Operativo:Linux
Salida: Comienza comando
Finaliza comando

Finished command
----------------utils.php---------------------------
Plantilla seleccionada:: preimpreso_subsidio_final.pdf
archivo:: ./out/20131203165056529.pdf
id:: 20131203165056529
 /lpd/out/20131203165056529.pdf background /opt/lampp/htdocs/printer_web/preprinted/preimpreso_subsidio_final.pdf output /opt/lampp/htdocs/printer_web/temp/20131203165056529.pdf
Sistema Operativo:Linux
Salida: Comienza comando
Finaliza comando

Finished command
---------------eliminar.php(download)-----------------------
POST:: a:4:{s:6:"select";s:1:"0";s:8:"download";s:8:"download";s:15:"trabajos_length";s:2:"15";s:2:"ID";a:3:{i:20131203165056529;s:17:"20131203165056529";i:20131203165042843;s:17:"20131203165042843";i:20131203165037916;s:17:"20131203165037916";}}
Plantilla seleccionada:: 0
Procesando archivo:: ./out/20131203165056529.pdf
Archivo a agregar al ZIP: ./out/20131203165056529.pdf
Procesando archivo:: ./out/20131203165042843.pdf
Archivo a agregar al ZIP: ./out/20131203165042843.pdf
Procesando archivo:: ./out/20131203165037916.pdf
Archivo a agregar al ZIP: ./out/20131203165037916.pdf
::Cerrar archivo Zip::
